<?xml version="1.0" encoding="UTF-8"?>
<!-- Generated by org.testng.reporters.JUnitReportReporter -->
<testsuite hostname="LAPTOP-DDHK9H68" name="jenkins.jenkinsmaven.Arjun" tests="1" failures="0" timestamp="13 Sep 2020 16:21:19 GMT" time="0.019" errors="0">
  <testcase name="arjunmethod" time="0.019" classname="jenkins.jenkinsmaven.Arjun"/>
</testsuite>
